app/build/intermediates/manifest_merge_blame_file/debug/manifest-merger-blame-debug-report.txt
1<?xml version="1.0" encoding="utf-8"?>
2<manifest xmlns:android="http://schemas.android.com/apk/res/android"
3    package="com.example.jung_oh"
4    android:versionCode="1"
5    android:versionName="1.0" >
6
7    <uses-sdk
8        android:minSdkVersion="16"
8-->src\main\AndroidManifest.xml
9        android:targetSdkVersion="30" />
9-->src\main\AndroidManifest.xml
10
11    <uses-permission android:name="android.permission.INTERNET" />
11-->src\main\AndroidManifest.xml:6:5-67
11-->src\main\AndroidManifest.xml:6:22-64
12    <uses-permission android:name="android.permission.ACCESS_NETWORK_STATE" />
12-->src\main\AndroidManifest.xml:7:5-79
12-->src\main\AndroidManifest.xml:7:22-76
13    <uses-permission android:name="android.permission.WRITE_EXTERNAL_STORAGE" />
13-->src\main\AndroidManifest.xml:8:5-81
13-->src\main\AndroidManifest.xml:8:22-78
14    <uses-permission android:name="android.permission.CAMERA" />
14-->src\main\AndroidManifest.xml:9:5-65
14-->src\main\AndroidManifest.xml:9:22-62
15    <uses-permission android:name="android.permission.READ_EXTERNAL_STORAGE" />
15-->src\main\AndroidManifest.xml:10:5-80
15-->src\main\AndroidManifest.xml:10:22-77
16
17    <uses-feature
17-->src\main\AndroidManifest.xml:12:5-14:35
18        android:name="android.hardware.camera"
18-->src\main\AndroidManifest.xml:13:9-47
19        android:required="true" />
19-->src\main\AndroidManifest.xml:14:9-32
20
21    <uses-permission android:name="android.permission.READ_EXTERNAL_STORAGE" />
21-->src\main\AndroidManifest.xml:10:5-80
21-->src\main\AndroidManifest.xml:10:22-77
22    <uses-permission android:name="android.permission.WAKE_LOCK" />
22-->[com.google.android.gms:play-services-measurement-api:18.0.0] AndroidManifest.xml:24:5-68
22-->[com.google.android.gms:play-services-measurement-api:18.0.0] AndroidManifest.xml:24:22-65
23    <uses-permission android:name="com.google.android.finsky.permission.BIND_GET_INSTALL_REFERRER_SERVICE" />
23-->[com.google.android.gms:play-services-measurement:18.0.0] AndroidManifest.xml:26:5-110
23-->[com.google.android.gms:play-services-measurement:18.0.0] AndroidManifest.xml:26:22-107
24
25    <application
25-->src\main\AndroidManifest.xml:18:5-73:19
26        android:name="androidx.multidex.MultiDexApplication"
27        android:allowBackup="true"
27-->src\main\AndroidManifest.xml:19:9-35
28        android:appComponentFactory="androidx.core.app.CoreComponentFactory"
28-->[androidx.core:core:1.3.1] AndroidManifest.xml:24:18-86
29        android:debuggable="true"
30        android:icon="@mipmap/ic_launcher"
30-->src\main\AndroidManifest.xml:20:9-43
31        android:label="@string/app_name"
31-->src\main\AndroidManifest.xml:21:9-41
32        android:roundIcon="@mipmap/ic_launcher_round"
32-->src\main\AndroidManifest.xml:22:9-54
33        android:supportsRtl="true"
33-->src\main\AndroidManifest.xml:23:9-35
34        android:testOnly="true"
35        android:theme="@style/AppTheme" >
35-->src\main\AndroidManifest.xml:24:9-40
36        <activity
36-->src\main\AndroidManifest.xml:27:9-36:20
37            android:name="com.example.jung_oh.SplashActivity"
37-->src\main\AndroidManifest.xml:30:13-43
38            android:screenOrientation="portrait"
38-->src\main\AndroidManifest.xml:29:13-49
39            android:theme="@style/MyTheme" >
39-->src\main\AndroidManifest.xml:28:13-43
40            <intent-filter>
40-->src\main\AndroidManifest.xml:31:9-34:25
41                <action android:name="android.intent.action.MAIN" />
41-->src\main\AndroidManifest.xml:32:13-64
41-->src\main\AndroidManifest.xml:32:21-62
42
43                <category android:name="android.intent.category.LAUNCHER" />
43-->src\main\AndroidManifest.xml:33:13-72
43-->src\main\AndroidManifest.xml:33:23-70
44            </intent-filter>
45        </activity>
46        <activity
46-->src\main\AndroidManifest.xml:38:9-41:20
47            android:name="com.example.jung_oh.LoginActivity"
47-->src\main\AndroidManifest.xml:40:13-42
48            android:theme="@style/MyTheme" >
48-->src\main\AndroidManifest.xml:39:13-43
49        </activity>
50<![CDATA[ android:label="@string/title_activity_login" />
51
52        ]]>
53        <activity
53-->src\main\AndroidManifest.xml:44:9-46:51
54            android:name="com.example.jung_oh.FindPasswordActivity"
54-->src\main\AndroidManifest.xml:46:13-49
55            android:theme="@style/MyTheme" />
55-->src\main\AndroidManifest.xml:45:13-43
56        <activity android:name="com.example.jung_oh.closet_card_view" >
56-->src\main\AndroidManifest.xml:48:9-50:20
56-->src\main\AndroidManifest.xml:48:19-51
57        </activity>
58        <activity
58-->src\main\AndroidManifest.xml:51:9-59:20
59            android:name="com.example.jung_oh.AddClothesActivity"
59-->src\main\AndroidManifest.xml:54:13-47
60            android:label="JungOh"
60-->src\main\AndroidManifest.xml:52:13-35
61            android:theme="@style/MyTheme" >
61-->src\main\AndroidManifest.xml:53:13-43
62            <intent-filter>
62-->src\main\AndroidManifest.xml:31:9-34:25
63                <action android:name="android.intent.action.MAIN" />
63-->src\main\AndroidManifest.xml:32:13-64
63-->src\main\AndroidManifest.xml:32:21-62
64
65                <category android:name="android.intent.category.LAUNCHER" />
65-->src\main\AndroidManifest.xml:33:13-72
65-->src\main\AndroidManifest.xml:33:23-70
66            </intent-filter>
67        </activity>
68        <activity android:name="com.example.jung_oh.SignUpActivity" >
68-->src\main\AndroidManifest.xml:60:9-63:20
68-->src\main\AndroidManifest.xml:60:19-49
69            tools:ignore="Instantiatable"
70            android:theme="@style/MyTheme"/>
71        </activity>
72
73        <provider
73-->src\main\AndroidManifest.xml:64:9-72:20
74            android:name="androidx.core.content.FileProvider"
74-->src\main\AndroidManifest.xml:65:13-62
75            android:authorities="com.example.jung_oh.FileProvider"
75-->src\main\AndroidManifest.xml:66:13-67
76            android:exported="false"
76-->src\main\AndroidManifest.xml:67:13-37
77            android:grantUriPermissions="true" >
77-->src\main\AndroidManifest.xml:68:13-47
78            <meta-data
78-->src\main\AndroidManifest.xml:69:13-71:54
79                android:name="android.support.FILE_PROVIDER_PATHS"
79-->src\main\AndroidManifest.xml:70:17-67
80                android:resource="@xml/file_paths" />
80-->src\main\AndroidManifest.xml:71:17-51
81        </provider>
82
83        <service
83-->[com.google.firebase:firebase-storage:19.2.0] AndroidManifest.xml:30:9-36:19
84            android:name="com.google.firebase.components.ComponentDiscoveryService"
84-->[com.google.firebase:firebase-storage:19.2.0] AndroidManifest.xml:31:13-84
85            android:directBootAware="true"
85-->[com.google.firebase:firebase-common:19.4.0] AndroidManifest.xml:35:13-43
86            android:exported="false" >
86-->[com.google.firebase:firebase-storage:19.2.0] AndroidManifest.xml:32:13-37
87            <meta-data
87-->[com.google.firebase:firebase-storage:19.2.0] AndroidManifest.xml:33:13-35:85
88                android:name="com.google.firebase.components:com.google.firebase.storage.StorageRegistrar"
88-->[com.google.firebase:firebase-storage:19.2.0] AndroidManifest.xml:34:17-107
89                android:value="com.google.firebase.components.ComponentRegistrar" />
89-->[com.google.firebase:firebase-storage:19.2.0] AndroidManifest.xml:35:17-82
90            <meta-data
90-->[com.google.firebase:firebase-firestore:22.0.0] AndroidManifest.xml:20:13-22:85
91                android:name="com.google.firebase.components:com.google.firebase.firestore.FirestoreRegistrar"
91-->[com.google.firebase:firebase-firestore:22.0.0] AndroidManifest.xml:21:17-111
92                android:value="com.google.firebase.components.ComponentRegistrar" />
92-->[com.google.firebase:firebase-firestore:22.0.0] AndroidManifest.xml:22:17-82
93            <meta-data
93-->[com.google.firebase:firebase-database:19.5.1] AndroidManifest.xml:32:13-34:85
94                android:name="com.google.firebase.components:com.google.firebase.database.DatabaseRegistrar"
94-->[com.google.firebase:firebase-database:19.5.1] AndroidManifest.xml:33:17-109
95                android:value="com.google.firebase.components.ComponentRegistrar" />
95-->[com.google.firebase:firebase-database:19.5.1] AndroidManifest.xml:34:17-82
96            <meta-data
96-->[com.google.firebase:firebase-auth:20.0.1] AndroidManifest.xml:77:13-79:85
97                android:name="com.google.firebase.components:com.google.firebase.auth.FirebaseAuthRegistrar"
97-->[com.google.firebase:firebase-auth:20.0.1] AndroidManifest.xml:78:17-109
98                android:value="com.google.firebase.components.ComponentRegistrar" />
98-->[com.google.firebase:firebase-auth:20.0.1] AndroidManifest.xml:79:17-82
99            <meta-data
99-->[com.google.android.gms:play-services-measurement-api:18.0.0] AndroidManifest.xml:30:13-32:85
100                android:name="com.google.firebase.components:com.google.firebase.analytics.connector.internal.AnalyticsConnectorRegistrar"
100-->[com.google.android.gms:play-services-measurement-api:18.0.0] AndroidManifest.xml:31:17-139
101                android:value="com.google.firebase.components.ComponentRegistrar" />
101-->[com.google.android.gms:play-services-measurement-api:18.0.0] AndroidManifest.xml:32:17-82
102            <meta-data
102-->[com.google.firebase:firebase-installations:16.3.4] AndroidManifest.xml:18:13-20:85
103                android:name="com.google.firebase.components:com.google.firebase.installations.FirebaseInstallationsRegistrar"
103-->[com.google.firebase:firebase-installations:16.3.4] AndroidManifest.xml:19:17-127
104                android:value="com.google.firebase.components.ComponentRegistrar" />
104-->[com.google.firebase:firebase-installations:16.3.4] AndroidManifest.xml:20:17-82
105        </service>
106
107        <activity
107-->[com.google.firebase:firebase-auth:20.0.1] AndroidManifest.xml:27:9-44:20
108            android:name="com.google.firebase.auth.internal.GenericIdpActivity"
108-->[com.google.firebase:firebase-auth:20.0.1] AndroidManifest.xml:28:13-80
109            android:excludeFromRecents="true"
109-->[com.google.firebase:firebase-auth:20.0.1] AndroidManifest.xml:29:13-46
110            android:exported="true"
110-->[com.google.firebase:firebase-auth:20.0.1] AndroidManifest.xml:30:13-36
111            android:launchMode="singleTask"
111-->[com.google.firebase:firebase-auth:20.0.1] AndroidManifest.xml:31:13-44
112            android:theme="@android:style/Theme.Translucent.NoTitleBar" >
112-->[com.google.firebase:firebase-auth:20.0.1] AndroidManifest.xml:32:13-72
113            <intent-filter>
113-->[com.google.firebase:firebase-auth:20.0.1] AndroidManifest.xml:33:13-43:29
114                <action android:name="android.intent.action.VIEW" />
114-->[com.google.firebase:firebase-auth:20.0.1] AndroidManifest.xml:34:17-69
114-->[com.google.firebase:firebase-auth:20.0.1] AndroidManifest.xml:34:25-66
115
116                <category android:name="android.intent.category.DEFAULT" />
116-->[com.google.firebase:firebase-auth:20.0.1] AndroidManifest.xml:36:17-76
116-->[com.google.firebase:firebase-auth:20.0.1] AndroidManifest.xml:36:27-73
117                <category android:name="android.intent.category.BROWSABLE" />
117-->[com.google.firebase:firebase-auth:20.0.1] AndroidManifest.xml:37:17-78
117-->[com.google.firebase:firebase-auth:20.0.1] AndroidManifest.xml:37:27-75
118
119                <data
119-->[com.google.firebase:firebase-auth:20.0.1] AndroidManifest.xml:39:17-42:51
120                    android:host="firebase.auth"
120-->[com.google.firebase:firebase-auth:20.0.1] AndroidManifest.xml:40:21-49
121                    android:path="/"
121-->[com.google.firebase:firebase-auth:20.0.1] AndroidManifest.xml:41:21-37
122                    android:scheme="genericidp" />
122-->[com.google.firebase:firebase-auth:20.0.1] AndroidManifest.xml:42:21-48
123            </intent-filter>
124        </activity>
125        <activity
125-->[com.google.firebase:firebase-auth:20.0.1] AndroidManifest.xml:45:9-62:20
126            android:name="com.google.firebase.auth.internal.RecaptchaActivity"
126-->[com.google.firebase:firebase-auth:20.0.1] AndroidManifest.xml:46:13-79
127            android:excludeFromRecents="true"
127-->[com.google.firebase:firebase-auth:20.0.1] AndroidManifest.xml:47:13-46
128            android:exported="true"
128-->[com.google.firebase:firebase-auth:20.0.1] AndroidManifest.xml:48:13-36
129            android:launchMode="singleTask"
129-->[com.google.firebase:firebase-auth:20.0.1] AndroidManifest.xml:49:13-44
130            android:theme="@android:style/Theme.Translucent.NoTitleBar" >
130-->[com.google.firebase:firebase-auth:20.0.1] AndroidManifest.xml:50:13-72
131            <intent-filter>
131-->[com.google.firebase:firebase-auth:20.0.1] AndroidManifest.xml:51:13-61:29
132                <action android:name="android.intent.action.VIEW" />
132-->[com.google.firebase:firebase-auth:20.0.1] AndroidManifest.xml:34:17-69
132-->[com.google.firebase:firebase-auth:20.0.1] AndroidManifest.xml:34:25-66
133
134                <category android:name="android.intent.category.DEFAULT" />
134-->[com.google.firebase:firebase-auth:20.0.1] AndroidManifest.xml:36:17-76
134-->[com.google.firebase:firebase-auth:20.0.1] AndroidManifest.xml:36:27-73
135                <category android:name="android.intent.category.BROWSABLE" />
135-->[com.google.firebase:firebase-auth:20.0.1] AndroidManifest.xml:37:17-78
135-->[com.google.firebase:firebase-auth:20.0.1] AndroidManifest.xml:37:27-75
136
137                <data
137-->[com.google.firebase:firebase-auth:20.0.1] AndroidManifest.xml:39:17-42:51
138                    android:host="firebase.auth"
138-->[com.google.firebase:firebase-auth:20.0.1] AndroidManifest.xml:40:21-49
139                    android:path="/"
139-->[com.google.firebase:firebase-auth:20.0.1] AndroidManifest.xml:41:21-37
140                    android:scheme="recaptcha" />
140-->[com.google.firebase:firebase-auth:20.0.1] AndroidManifest.xml:42:21-48
141            </intent-filter>
142        </activity>
143
144        <service
144-->[com.google.firebase:firebase-auth:20.0.1] AndroidManifest.xml:64:9-73:19
145            android:name="com.google.firebase.auth.api.fallback.service.FirebaseAuthFallbackService"
145-->[com.google.firebase:firebase-auth:20.0.1] AndroidManifest.xml:65:13-101
146            android:enabled="true"
146-->[com.google.firebase:firebase-auth:20.0.1] AndroidManifest.xml:66:13-35
147            android:exported="false" >
147-->[com.google.firebase:firebase-auth:20.0.1] AndroidManifest.xml:67:13-37
148            <intent-filter>
148-->[com.google.firebase:firebase-auth:20.0.1] AndroidManifest.xml:68:13-72:29
149                <action android:name="com.google.firebase.auth.api.gms.service.START" />
149-->[com.google.firebase:firebase-auth:20.0.1] AndroidManifest.xml:69:17-89
149-->[com.google.firebase:firebase-auth:20.0.1] AndroidManifest.xml:69:25-86
150
151                <category android:name="android.intent.category.DEFAULT" />
151-->[com.google.firebase:firebase-auth:20.0.1] AndroidManifest.xml:36:17-76
151-->[com.google.firebase:firebase-auth:20.0.1] AndroidManifest.xml:36:27-73
152            </intent-filter>
153        </service>
154
155        <activity
155-->[com.google.android.gms:play-services-auth:17.0.0] AndroidManifest.xml:23:9-27:75
156            android:name="com.google.android.gms.auth.api.signin.internal.SignInHubActivity"
156-->[com.google.android.gms:play-services-auth:17.0.0] AndroidManifest.xml:24:13-93
157            android:excludeFromRecents="true"
157-->[com.google.android.gms:play-services-auth:17.0.0] AndroidManifest.xml:25:13-46
158            android:exported="false"
158-->[com.google.android.gms:play-services-auth:17.0.0] AndroidManifest.xml:26:13-37
159            android:theme="@android:style/Theme.Translucent.NoTitleBar" />
159-->[com.google.android.gms:play-services-auth:17.0.0] AndroidManifest.xml:27:13-72
160        <!--
161            Service handling Google Sign-In user revocation. For apps that do not integrate with
162            Google Sign-In, this service will never be started.
163        -->
164        <service
164-->[com.google.android.gms:play-services-auth:17.0.0] AndroidManifest.xml:33:9-36:110
165            android:name="com.google.android.gms.auth.api.signin.RevocationBoundService"
165-->[com.google.android.gms:play-services-auth:17.0.0] AndroidManifest.xml:34:13-89
166            android:exported="true"
166-->[com.google.android.gms:play-services-auth:17.0.0] AndroidManifest.xml:35:13-36
167            android:permission="com.google.android.gms.auth.api.signin.permission.REVOCATION_NOTIFICATION" />
167-->[com.google.android.gms:play-services-auth:17.0.0] AndroidManifest.xml:36:13-107
168
169        <activity
169-->[com.google.android.gms:play-services-base:17.1.0] AndroidManifest.xml:23:9-26:75
170            android:name="com.google.android.gms.common.api.GoogleApiActivity"
170-->[com.google.android.gms:play-services-base:17.1.0] AndroidManifest.xml:24:13-79
171            android:exported="false"
171-->[com.google.android.gms:play-services-base:17.1.0] AndroidManifest.xml:25:13-37
172            android:theme="@android:style/Theme.Translucent.NoTitleBar" />
172-->[com.google.android.gms:play-services-base:17.1.0] AndroidManifest.xml:26:13-72
173
174        <provider
174-->[com.google.firebase:firebase-common:19.4.0] AndroidManifest.xml:26:9-31:39
175            android:name="com.google.firebase.provider.FirebaseInitProvider"
175-->[com.google.firebase:firebase-common:19.4.0] AndroidManifest.xml:27:13-77
176            android:authorities="com.example.jung_oh.firebaseinitprovider"
176-->[com.google.firebase:firebase-common:19.4.0] AndroidManifest.xml:28:13-72
177            android:directBootAware="true"
177-->[com.google.firebase:firebase-common:19.4.0] AndroidManifest.xml:29:13-43
178            android:exported="false"
178-->[com.google.firebase:firebase-common:19.4.0] AndroidManifest.xml:30:13-37
179            android:initOrder="100" />
179-->[com.google.firebase:firebase-common:19.4.0] AndroidManifest.xml:31:13-36
180
181        <receiver
181-->[com.google.android.gms:play-services-measurement:18.0.0] AndroidManifest.xml:29:9-33:20
182            android:name="com.google.android.gms.measurement.AppMeasurementReceiver"
182-->[com.google.android.gms:play-services-measurement:18.0.0] AndroidManifest.xml:30:13-85
183            android:enabled="true"
183-->[com.google.android.gms:play-services-measurement:18.0.0] AndroidManifest.xml:31:13-35
184            android:exported="false" >
184-->[com.google.android.gms:play-services-measurement:18.0.0] AndroidManifest.xml:32:13-37
185        </receiver>
186
187        <service
187-->[com.google.android.gms:play-services-measurement:18.0.0] AndroidManifest.xml:35:9-38:40
188            android:name="com.google.android.gms.measurement.AppMeasurementService"
188-->[com.google.android.gms:play-services-measurement:18.0.0] AndroidManifest.xml:36:13-84
189            android:enabled="true"
189-->[com.google.android.gms:play-services-measurement:18.0.0] AndroidManifest.xml:37:13-35
190            android:exported="false" />
190-->[com.google.android.gms:play-services-measurement:18.0.0] AndroidManifest.xml:38:13-37
191        <service
191-->[com.google.android.gms:play-services-measurement:18.0.0] AndroidManifest.xml:39:9-43:72
192            android:name="com.google.android.gms.measurement.AppMeasurementJobService"
192-->[com.google.android.gms:play-services-measurement:18.0.0] AndroidManifest.xml:40:13-87
193            android:enabled="true"
193-->[com.google.android.gms:play-services-measurement:18.0.0] AndroidManifest.xml:41:13-35
194            android:exported="false"
194-->[com.google.android.gms:play-services-measurement:18.0.0] AndroidManifest.xml:42:13-37
195            android:permission="android.permission.BIND_JOB_SERVICE" />
195-->[com.google.android.gms:play-services-measurement:18.0.0] AndroidManifest.xml:43:13-69
196
197        <meta-data
197-->[com.google.android.gms:play-services-basement:17.1.0] AndroidManifest.xml:23:9-25:69
198            android:name="com.google.android.gms.version"
198-->[com.google.android.gms:play-services-basement:17.1.0] AndroidManifest.xml:24:13-58
199            android:value="@integer/google_play_services_version" />
199-->[com.google.android.gms:play-services-basement:17.1.0] AndroidManifest.xml:25:13-66
200
201        <provider
201-->[androidx.lifecycle:lifecycle-process:2.1.0] AndroidManifest.xml:23:9-27:43
202            android:name="androidx.lifecycle.ProcessLifecycleOwnerInitializer"
202-->[androidx.lifecycle:lifecycle-process:2.1.0] AndroidManifest.xml:24:13-79
203            android:authorities="com.example.jung_oh.lifecycle-process"
203-->[androidx.lifecycle:lifecycle-process:2.1.0] AndroidManifest.xml:25:13-69
204            android:exported="false"
204-->[androidx.lifecycle:lifecycle-process:2.1.0] AndroidManifest.xml:26:13-37
205            android:multiprocess="true" />
205-->[androidx.lifecycle:lifecycle-process:2.1.0] AndroidManifest.xml:27:13-40
206    </application>
207
208</manifest>